//maks
download.max.ru
help.max.ru
max.ru
st.max.ru
ws-api.oneme.ru
api.oneme.ru
oneme.ru
i.oneme.ru
api-gost.oneme.ru
fgost.oneme.ru
calls.okcdn.ru
voskhod.ru
nuc-cdp.digital.gov.ru
nuc-cdp.voskhod.ru
privacy-cs.mail.ru
top-fwz1.mail.ru
trk.mail.ru
//badware
api.telega.info
telega.info
ad.vk.com
ads.vk.com
vk-ad-site.ru
vk-analytics.ru
//gos
gosuslugi.ru
esia.gosuslugi.ru
pos.gosuslugi.ru
lk.gosuslugi.ru
etrust.gosuslugi.ru
pgu.mos.ru
uslugi.mosreg.ru
gu.spb.ru
pfr.gov.ru
lk.pfr.ru
fss.ru
lk.fss.ru
szv-fss.ru
nalog.gov.ru
lkfl.nalog.ru
egrul.nalog.ru
fssp.gov.ru
fgis.gost.ru
notariat.ru
lk.notariat.ru
rosreestr.gov.ru
zakupki.gov.ru
//sber
id.sber.ru
id.sberbank.ru
online.sberbank.ru
auth.sberbank.ru
//spam
dtf.ru
dzen.ru
yandex.ru
//ipcheckers
api.ipify.org
api4.ipify.org
api6.ipify.org
ifconfig.me
ifconfig.io
ifconfig.co
icanhazip.com
ipinfo.io
ipapi.co
ip-api.com
checkip.amazonaws.com
checkip.dyndns.com
wtfismyip.com
api.my-ip.io
myexternalip.com
ipecho.net